[Fri, 11 Jan 2019 23:24:37 GMT][INFO][User] User is Admin: false, detection ran: true
[Fri, 11 Jan 2019 23:24:37 GMT][INFO][Updater] initialized with an ECS config provider.
[Fri, 11 Jan 2019 23:24:37 GMT][INFO][Updater] initialized.
[Fri, 11 Jan 2019 23:24:37 GMT][INFO][Updater] start() called.
[Fri, 11 Jan 2019 23:24:37 GMT][INFO][Updater] Update interval set to 14400000
[Fri, 11 Jan 2019 23:24:37 GMT][INFO][Updater] Starting unexplicit update check as the updater was started.
[Fri, 11 Jan 2019 23:24:37 GMT][INFO][Updater] Checking for updates, explicit check: false
[Fri, 11 Jan 2019 23:24:37 GMT][INFO][Updater] Platform updater feed URL not set.
[Fri, 11 Jan 2019 23:24:37 GMT][INFO][Updater] Setting update feed url to: https://get.skype.com/s4l-update?version=8.36.76.38&os=linux&ring=preview&app=s4l&t=1547249077095
[Fri, 11 Jan 2019 23:24:37 GMT][INFO][Updater] Checking for update.
[Fri, 11 Jan 2019 23:24:37 GMT][INFO][LinuxAutoUpdater] Checking for update
[Fri, 11 Jan 2019 23:24:37 GMT][INFO][LinuxAutoUpdater] Update not found.
[Fri, 11 Jan 2019 23:24:37 GMT][INFO][Updater] Update not found.
[Fri, 11 Jan 2019 23:24:37 GMT][INFO]Skype logging system information:
============================================================
  Version 1431/8.36.76.38/
  Ring: preview
  Operating System: Linux, linux 4.20.0-arch1-1-ARCH
  Architecture: x64
  Total Memory: 16037.3359375 MB
  Free Memory: 10502.3984375 MB
  Load average: 0.7275390625,0.693359375,0.712890625
  Device Id: c9a41ad5d12c7a6bdcdf4e94c5a03433
  CPU Topology: [{"model":"AMD Ryzen 5 1600X Six-Core Processor","speed":3737,"times":{"user":5760700,"nice":1900,"sys":751400,"idle":41162300,"irq":50800}},{"model":"AMD Ryzen 5 1600X Six-Core Processor","speed":3717,"times":{"user":4935900,"nice":900,"sys":653500,"idle":42095500,"irq":34200}},{"model":"AMD Ryzen 5 1600X Six-Core Processor","speed":2473,"times":{"user":5748800,"nice":1100,"sys":766100,"idle":41215300,"irq":44300}},{"model":"AMD Ryzen 5 1600X Six-Core Processor","speed":2045,"times":{"user":5017600,"nice":1200,"sys":657800,"idle":41888100,"irq":159600}},{"model":"AMD Ryzen 5 1600X Six-Core Processor","speed":1785,"times":{"user":5625900,"nice":1800,"sys":780100,"idle":41253600,"irq":91300}},{"model":"AMD Ryzen 5 1600X Six-Core Processor","speed":1781,"times":{"user":4838400,"nice":1000,"sys":707800,"idle":42175100,"irq":32800}},{"model":"AMD Ryzen 5 1600X Six-Core Processor","speed":1811,"times":{"user":6137400,"nice":1800,"sys":707100,"idle":40832500,"irq":44100}},{"model":"AMD Ryzen 5 1600X Six-Core Processor","speed":1801,"times":{"user":4863800,"nice":700,"sys":612300,"idle":42241300,"irq":34200}},{"model":"AMD Ryzen 5 1600X Six-Core Processor","speed":2282,"times":{"user":6156300,"nice":2200,"sys":718800,"idle":40810100,"irq":52400}},{"model":"AMD Ryzen 5 1600X Six-Core Processor","speed":2746,"times":{"user":4985400,"nice":1100,"sys":619200,"idle":42031300,"irq":70100}},{"model":"AMD Ryzen 5 1600X Six-Core Processor","speed":3078,"times":{"user":4950300,"nice":1100,"sys":1317000,"idle":41177800,"irq":248500}},{"model":"AMD Ryzen 5 1600X Six-Core Processor","speed":3167,"times":{"user":4548300,"nice":600,"sys":614900,"idle":42521900,"irq":35100}}]
============================================================
[Fri, 11 Jan 2019 23:24:37 GMT][INFO][Application] checking-for-update. Explicit check = false
[Fri, 11 Jan 2019 23:24:37 GMT][INFO][Application] update-not-available. Explicit check = false
[Fri, 11 Jan 2019 23:24:37 GMT][INFO][Application] Commandline arguments: {"_":[],"executed-from":"/home/luca","pid":6970}
[Fri, 11 Jan 2019 23:24:37 GMT][INFO][Application] Calling app.quit
