[Fri, 11 Jan 2019 23:24:17 GMT][INFO][User] User is Admin: false, detection ran: true
[Fri, 11 Jan 2019 23:24:17 GMT][INFO][Updater] initialized with an ECS config provider.
[Fri, 11 Jan 2019 23:24:17 GMT][INFO][Updater] initialized.
[Fri, 11 Jan 2019 23:24:17 GMT][INFO][Updater] start() called.
[Fri, 11 Jan 2019 23:24:17 GMT][INFO][Updater] Update interval set to 14400000
[Fri, 11 Jan 2019 23:24:17 GMT][INFO][Updater] Starting unexplicit update check as the updater was started.
[Fri, 11 Jan 2019 23:24:17 GMT][INFO][Updater] Checking for updates, explicit check: false
[Fri, 11 Jan 2019 23:24:17 GMT][INFO][Updater] Platform updater feed URL not set.
[Fri, 11 Jan 2019 23:24:17 GMT][INFO][Updater] Setting update feed url to: https://get.skype.com/s4l-update?version=8.36.76.38&os=linux&ring=preview&app=s4l&t=1547249057107
[Fri, 11 Jan 2019 23:24:17 GMT][INFO][Updater] Checking for update.
[Fri, 11 Jan 2019 23:24:17 GMT][INFO][LinuxAutoUpdater] Checking for update
[Fri, 11 Jan 2019 23:24:17 GMT][INFO][LinuxAutoUpdater] Update not found.
[Fri, 11 Jan 2019 23:24:17 GMT][INFO][Updater] Update not found.
[Fri, 11 Jan 2019 23:24:17 GMT][INFO]Skype logging system information:
============================================================
  Version 1431/8.36.76.38/
  Ring: preview
  Operating System: Linux, linux 4.20.0-arch1-1-ARCH
  Architecture: x64
  Total Memory: 16037.3359375 MB
  Free Memory: 10553.859375 MB
  Load average: 0.9296875,0.724609375,0.72265625
  Device Id: c9a41ad5d12c7a6bdcdf4e94c5a03433
  CPU Topology: [{"model":"AMD Ryzen 5 1600X Six-Core Processor","speed":1863,"times":{"user":5741800,"nice":1800,"sys":750100,"idle":40978200,"irq":50600}},{"model":"AMD Ryzen 5 1600X Six-Core Processor","speed":1849,"times":{"user":4920200,"nice":900,"sys":652500,"idle":41908500,"irq":34100}},{"model":"AMD Ryzen 5 1600X Six-Core Processor","speed":3520,"times":{"user":5731500,"nice":1100,"sys":765200,"idle":41030600,"irq":44100}},{"model":"AMD Ryzen 5 1600X Six-Core Processor","speed":2513,"times":{"user":5001900,"nice":1200,"sys":656400,"idle":41703900,"irq":158800}},{"model":"AMD Ryzen 5 1600X Six-Core Processor","speed":3536,"times":{"user":5606600,"nice":1800,"sys":778700,"idle":41070600,"irq":91100}},{"model":"AMD Ryzen 5 1600X Six-Core Processor","speed":3663,"times":{"user":4822800,"nice":1000,"sys":706600,"idle":41988600,"irq":32600}},{"model":"AMD Ryzen 5 1600X Six-Core Processor","speed":1823,"times":{"user":6123000,"nice":1800,"sys":705600,"idle":40648100,"irq":43900}},{"model":"AMD Ryzen 5 1600X Six-Core Processor","speed":1909,"times":{"user":4852600,"nice":700,"sys":610500,"idle":42054700,"irq":34000}},{"model":"AMD Ryzen 5 1600X Six-Core Processor","speed":3307,"times":{"user":6142600,"nice":2200,"sys":717100,"idle":40625000,"irq":52000}},{"model":"AMD Ryzen 5 1600X Six-Core Processor","speed":3937,"times":{"user":4972600,"nice":1100,"sys":618000,"idle":41844100,"irq":69800}},{"model":"AMD Ryzen 5 1600X Six-Core Processor","speed":3561,"times":{"user":4940900,"nice":1100,"sys":1314700,"idle":40995800,"irq":247000}},{"model":"AMD Ryzen 5 1600X Six-Core Processor","speed":3837,"times":{"user":4539300,"nice":600,"sys":613600,"idle":42331900,"irq":34900}}]
============================================================
[Fri, 11 Jan 2019 23:24:17 GMT][INFO][Application] checking-for-update. Explicit check = false
[Fri, 11 Jan 2019 23:24:17 GMT][INFO][Application] update-not-available. Explicit check = false
[Fri, 11 Jan 2019 23:24:17 GMT][INFO][Application] Commandline arguments: {"_":[],"executed-from":"/home/luca","pid":6917}
[Fri, 11 Jan 2019 23:24:17 GMT][INFO][Application] Calling app.quit
