[Fri, 11 Jan 2019 23:54:07 GMT][INFO][User] User is Admin: false, detection ran: true
[Fri, 11 Jan 2019 23:54:07 GMT][INFO][Updater] initialized with an ECS config provider.
[Fri, 11 Jan 2019 23:54:07 GMT][INFO][Updater] initialized.
[Fri, 11 Jan 2019 23:54:07 GMT][INFO][Updater] start() called.
[Fri, 11 Jan 2019 23:54:07 GMT][INFO][Updater] Update interval set to 14400000
[Fri, 11 Jan 2019 23:54:07 GMT][INFO][Updater] Starting unexplicit update check as the updater was started.
[Fri, 11 Jan 2019 23:54:07 GMT][INFO][Updater] Checking for updates, explicit check: false
[Fri, 11 Jan 2019 23:54:07 GMT][INFO][Updater] Platform updater feed URL not set.
[Fri, 11 Jan 2019 23:54:07 GMT][INFO][Updater] Setting update feed url to: https://get.skype.com/s4l-update?version=8.36.76.38&os=linux&ring=preview&app=s4l&t=1547250847182
[Fri, 11 Jan 2019 23:54:07 GMT][INFO][Updater] Checking for update.
[Fri, 11 Jan 2019 23:54:07 GMT][INFO][LinuxAutoUpdater] Checking for update
[Fri, 11 Jan 2019 23:54:07 GMT][INFO][LinuxAutoUpdater] Update not found.
[Fri, 11 Jan 2019 23:54:07 GMT][INFO][Updater] Update not found.
[Fri, 11 Jan 2019 23:54:07 GMT][INFO]Skype logging system information:
============================================================
  Version 1431/8.36.76.38/
  Ring: preview
  Operating System: Linux, linux 4.20.0-arch1-1-ARCH
  Architecture: x64
  Total Memory: 16037.3359375 MB
  Free Memory: 14298.73828125 MB
  Load average: 0.2138671875,0.1982421875,0.0859375
  Device Id: c9a41ad5d12c7a6bdcdf4e94c5a03433
  CPU Topology: [{"model":"AMD Ryzen 5 1600X Six-Core Processor","speed":2580,"times":{"user":39700,"nice":0,"sys":17400,"idle":1457000,"irq":6000}},{"model":"AMD Ryzen 5 1600X Six-Core Processor","speed":2782,"times":{"user":22800,"nice":0,"sys":12900,"idle":1481900,"irq":300}},{"model":"AMD Ryzen 5 1600X Six-Core Processor","speed":1783,"times":{"user":35500,"nice":0,"sys":11800,"idle":1469000,"irq":600}},{"model":"AMD Ryzen 5 1600X Six-Core Processor","speed":1761,"times":{"user":23100,"nice":0,"sys":11400,"idle":1485000,"irq":2000}},{"model":"AMD Ryzen 5 1600X Six-Core Processor","speed":3496,"times":{"user":39800,"nice":0,"sys":19200,"idle":1455200,"irq":2300}},{"model":"AMD Ryzen 5 1600X Six-Core Processor","speed":3642,"times":{"user":23000,"nice":0,"sys":12500,"idle":1483900,"irq":300}},{"model":"AMD Ryzen 5 1600X Six-Core Processor","speed":3217,"times":{"user":34600,"nice":0,"sys":14900,"idle":1465300,"irq":800}},{"model":"AMD Ryzen 5 1600X Six-Core Processor","speed":3237,"times":{"user":16800,"nice":0,"sys":14800,"idle":1486200,"irq":300}},{"model":"AMD Ryzen 5 1600X Six-Core Processor","speed":2298,"times":{"user":27700,"nice":0,"sys":9000,"idle":1475600,"irq":700}},{"model":"AMD Ryzen 5 1600X Six-Core Processor","speed":2297,"times":{"user":25700,"nice":0,"sys":8400,"idle":1482700,"irq":500}},{"model":"AMD Ryzen 5 1600X Six-Core Processor","speed":3224,"times":{"user":18800,"nice":0,"sys":25800,"idle":1465300,"irq":4200}},{"model":"AMD Ryzen 5 1600X Six-Core Processor","speed":3236,"times":{"user":16300,"nice":0,"sys":8300,"idle":1491300,"irq":400}}]
============================================================
[Fri, 11 Jan 2019 23:54:07 GMT][INFO][Application] checking-for-update. Explicit check = false
[Fri, 11 Jan 2019 23:54:07 GMT][INFO][Application] update-not-available. Explicit check = false
[Fri, 11 Jan 2019 23:54:07 GMT][INFO][Application] Commandline arguments: {"_":[],"executed-from":"/home/luca","pid":2307}
[Fri, 11 Jan 2019 23:54:07 GMT][INFO][Application] Calling app.quit
